<?xml version="1.0" encoding="UTF-8"?>
<!-- Generated by org.testng.reporters.JUnitReportReporter -->
<testsuite hostname="DESKTOP-16CP8KV" name="com.wipro.tests.NewTest" tests="4" failures="0" timestamp="25 Apr 2021 16:55:32 GMT" time="17.944" errors="0">
  <testcase name="ValidateGetRequest" time="2.089" classname="com.wipro.tests.NewTest"/>
  <testcase name="validateDeletRequest" time="3.640" classname="com.wipro.tests.NewTest"/>
  <testcase name="ValidateUpdatetRequest" time="2.576" classname="com.wipro.tests.NewTest"/>
  <testcase name="ValidatePostRequest" time="9.639" classname="com.wipro.tests.NewTest"/>
</testsuite> <!-- com.wipro.tests.NewTest -->
