<?xml version="1.0" encoding="UTF-8"?>
<!-- Generated by org.testng.reporters.JUnitReportReporter -->
<testsuite hostname="DESKTOP-16CP8KV" name="com.wipro.tests.Dummy" tests="2" failures="0" timestamp="26 Apr 2021 18:38:19 GMT" time="18.866" errors="0">
  <testcase name="ValidateGetRequest" time="11.721" classname="com.wipro.tests.Dummy"/>
  <testcase name="ValidatePostRequest" time="7.145" classname="com.wipro.tests.Dummy"/>
</testsuite> <!-- com.wipro.tests.Dummy -->
