<?xml version="1.0" encoding="UTF-8"?>
<!-- Generated by org.testng.reporters.JUnitReportReporter -->
<testsuite hostname="DESKTOP-16CP8KV" name="com.wipro.tests.NewTest" tests="4" failures="0" timestamp="26 Apr 2021 18:40:07 GMT" time="23.076" errors="0">
  <testcase name="ValidatePostRequest" time="14.863" classname="com.wipro.tests.NewTest"/>
  <testcase name="ValidateGetRequest" time="2.034" classname="com.wipro.tests.NewTest"/>
  <testcase name="validateDeletRequest" time="4.133" classname="com.wipro.tests.NewTest"/>
  <testcase name="ValidateUpdatetRequest" time="2.046" classname="com.wipro.tests.NewTest"/>
</testsuite> <!-- com.wipro.tests.NewTest -->
